<?xml version="1.0" encoding="UTF-8"?>
<!-- Generated by org.testng.reporters.JUnitXMLReporter -->
<testsuite ignored="0" hostname="Pavan-Lenova" failures="0" tests="4" name="edgetest" time="16.973" errors="0" timestamp="2024-05-09T18:55:23 IST">
  <testcase classname="testCases.TC001AccountRegistrationTest" name="verify_account_registration" time="3.028"/>
  <testcase classname="testCases.TC002LoginTest" name="verify_login" time="0.783"/>
  <testcase classname="testCases.TC004SearchProductTest" name="verify_pruductSearch" time="0.456"/>
  <testcase classname="testCases.TC005AddToCartPageTest" name="verify_addToCart" time="0.791"/>
</testsuite> <!-- edgetest -->
