<?xml version="1.0" encoding="UTF-8"?>
<!-- Generated by org.testng.reporters.JUnitXMLReporter -->
<testsuite ignored="0" hostname="Pavan-Lenova" failures="0" tests="4" name="Windows-Edge" time="18.226" errors="0" timestamp="2024-05-09T18:51:18 IST">
  <testcase classname="testCases.TC002LoginTest" name="verify_login" time="0.787"/>
  <testcase classname="testCases.TC001AccountRegistrationTest" name="verify_account_registration" time="3.116"/>
  <testcase classname="testCases.TC004SearchProductTest" name="verify_pruductSearch" time="0.439"/>
  <testcase classname="testCases.TC005AddToCartPageTest" name="verify_addToCart" time="0.786"/>
</testsuite> <!-- Windows-Edge -->
